 KINEROS2 25-Oct-2019

 Title:                                                                       

 Parameter File Used....... Tebuthiuron.par
 Rainfall File Used........ Simulation_64mmhr.pre

 Length of Run, minutes.... 60                  
 Time Step, minutes........ 0.1                 
 Use Courant criteria?..... N
 Simulate Sed. Transport?.. Y
 Multiplier file (if any).. N
 Tabular Summary?.......... Y

 Multipliers Used:

 Saturated Conductivity... 1.0                 
 Manning n................ 1.0                 
 CV of Ksat............... 1.0                 
 Capillary Drive Coeff.... 1.0                 
 Intercepted Depth........ 1.0                 
 Sediment Cohesion Coeff.. 1.0                 
 Sediment Splash Coeff.... 1.0                 

 
 Plane Element      1
 
 Contributing area = 0.0049999 ha
 
                                           theta   rel.sat.
  surface initial water content =         0.0566   0.0200
  estimated wilting point water content = 0.0545   0.0141
  estimated field capacity =              0.0910   0.1156
  3-parameter soil infiltration: alpha = 0.8000
 
 Peak flow = 0.0005845 cu m /s (42.08747 mm/hr) at 45.00 min 
 
 Peak sediment discharge = 0.0008522 kg/s at  45.00 min
 
             Water balance                         Sediment balance
 --------------------------------------        ------------------------
   Rain:   2.399971 cu m    48.00000 mm               In:   0.000000 kg
 Inflow:   0.000000 cu m     0.00000 mm        Deposited:   0.000000 kg
 Infilt:   1.291587 cu m    25.83206 mm        Soil Loss:   1.946170 kg
 Stored:   0.000000 cu m     0.00000 mm              Out:   1.943212 kg
    Out:   1.105986 cu m    22.11999 mm 
  Error:       0.10 %
 
 
 
   1 elements Processed

 Event Volume Summary:
 
             Rainfall    48.00000 mm       2.399971 cu m 
   Plane infiltration    25.83206          1.291587
              Outflow    22.11999          1.105986
 
 Error (Volume in - Volume out - Storage) < 1 percent
 
 Total watershed area = 0.0049999 ha
 
 Sediment yield = 388.6471 kg/ha 
 
 Sediment yield by particle class:
 
 Particle size (mm)       0.200       0.300       0.030       0.010       0.002
      Yield (kg/ha)    241.8489     90.6742     37.0404     13.7508      5.3327
   % of total yield       62.23       23.33        9.53        3.54        1.37
 
 
                     Tabular Summary of Element Hydrologic Components

    ID  Element Element Cumulated  Inflow  Rainfall Outflow   Peak    Total  Initial Sediment
         Type    Area     Area                                Flow    Infil   Water   Yield  
                   m^2     m^2     cu m     cu m     cu m     mm/hr   cu m   Content    kg   
     1    Plane   50.00     50.00    0.000    2.400    1.106  42.087   1.292  0.0566      1.94
